OptiPNG 0.6.4: Advanced PNG optimizer.
Copyright (C) 2001-2010 Cosmin Truta.

** Processing: ./public/images/image_1463648294000.png_thumbnail.png
200x150 pixels, 4x8 bits/pixel, RGB+alpha
Reducing image to 3x8 bits/pixel, RGB
Input IDAT size = 23641 bytes
Input file size = 24273 bytes

Trying:
  zc = 9  zm = 9  zs = 0  f = 0		IDAT size = 21002
  zc = 9  zm = 8  zs = 0  f = 0		IDAT size = 21002
  zc = 9  zm = 9  zs = 1  f = 0
  zc = 9  zm = 8  zs = 1  f = 0
  zc = 1  zm = 9  zs = 2  f = 0
  zc = 1  zm = 8  zs = 2  f = 0
  zc = 9  zm = 9  zs = 3  f = 0
  zc = 9  zm = 8  zs = 3  f = 0
  zc = 9  zm = 9  zs = 0  f = 1		IDAT size = 20617
  zc = 9  zm = 8  zs = 0  f = 1		IDAT size = 20617
  zc = 9  zm = 9  zs = 1  f = 1
  zc = 9  zm = 8  zs = 1  f = 1
  zc = 1  zm = 9  zs = 2  f = 1
  zc = 1  zm = 8  zs = 2  f = 1
  zc = 9  zm = 9  zs = 3  f = 1
  zc = 9  zm = 8  zs = 3  f = 1
  zc = 9  zm = 9  zs = 0  f = 2
  zc = 9  zm = 8  zs = 0  f = 2
  zc = 9  zm = 9  zs = 1  f = 2
  zc = 9  zm = 8  zs = 1  f = 2
  zc = 1  zm = 9  zs = 2  f = 2
  zc = 1  zm = 8  zs = 2  f = 2
  zc = 9  zm = 9  zs = 3  f = 2
  zc = 9  zm = 8  zs = 3  f = 2
  zc = 9  zm = 9  zs = 0  f = 3
  zc = 9  zm = 8  zs = 0  f = 3
  zc = 9  zm = 9  zs = 1  f = 3
  zc = 9  zm = 8  zs = 1  f = 3
  zc = 1  zm = 9  zs = 2  f = 3
  zc = 1  zm = 8  zs = 2  f = 3
  zc = 9  zm = 9  zs = 3  f = 3
  zc = 9  zm = 8  zs = 3  f = 3
  zc = 9  zm = 9  zs = 0  f = 4
  zc = 9  zm = 8  zs = 0  f = 4
  zc = 9  zm = 9  zs = 1  f = 4
  zc = 9  zm = 8  zs = 1  f = 4
  zc = 1  zm = 9  zs = 2  f = 4
  zc = 1  zm = 8  zs = 2  f = 4
  zc = 9  zm = 9  zs = 3  f = 4
  zc = 9  zm = 8  zs = 3  f = 4
  zc = 9  zm = 9  zs = 0  f = 5		IDAT size = 20492
  zc = 9  zm = 8  zs = 0  f = 5		IDAT size = 20492
  zc = 9  zm = 9  zs = 1  f = 5
  zc = 9  zm = 8  zs = 1  f = 5
  zc = 1  zm = 9  zs = 2  f = 5
  zc = 1  zm = 8  zs = 2  f = 5
  zc = 9  zm = 9  zs = 3  f = 5
  zc = 9  zm = 8  zs = 3  f = 5

Selecting parameters:
  zc = 9  zm = 8  zs = 0  f = 5		IDAT size = 20492

Output IDAT size = 20492 bytes (3149 bytes decrease)
Output file size = 21124 bytes (3149 bytes = 12.97% decrease)

OptiPNG 0.6.4: Advanced PNG optimizer.
Copyright (C) 2001-2010 Cosmin Truta.

** Processing: ./public/images/image_1463648294000.png
1024x1104 pixels, 4x8 bits/pixel, RGB+alpha
Reducing image to 3x8 bits/pixel, RGB
Input IDAT size = 472587 bytes
Input file size = 473349 bytes

Trying:
  zc = 9  zm = 9  zs = 0  f = 0		IDAT size = 426953
  zc = 9  zm = 8  zs = 0  f = 0		IDAT size = 424003
  zc = 9  zm = 9  zs = 1  f = 0
  zc = 9  zm = 8  zs = 1  f = 0
  zc = 1  zm = 9  zs = 2  f = 0
  zc = 1  zm = 8  zs = 2  f = 0
  zc = 9  zm = 9  zs = 3  f = 0
  zc = 9  zm = 8  zs = 3  f = 0
  zc = 9  zm = 9  zs = 0  f = 1
  zc = 9  zm = 8  zs = 0  f = 1
  zc = 9  zm = 9  zs = 1  f = 1
  zc = 9  zm = 8  zs = 1  f = 1
  zc = 1  zm = 9  zs = 2  f = 1
  zc = 1  zm = 8  zs = 2  f = 1
  zc = 9  zm = 9  zs = 3  f = 1
  zc = 9  zm = 8  zs = 3  f = 1
  zc = 9  zm = 9  zs = 0  f = 2
  zc = 9  zm = 8  zs = 0  f = 2
  zc = 9  zm = 9  zs = 1  f = 2
  zc = 9  zm = 8  zs = 1  f = 2
  zc = 1  zm = 9  zs = 2  f = 2
  zc = 1  zm = 8  zs = 2  f = 2
  zc = 9  zm = 9  zs = 3  f = 2
  zc = 9  zm = 8  zs = 3  f = 2
  zc = 9  zm = 9  zs = 0  f = 3
  zc = 9  zm = 8  zs = 0  f = 3
  zc = 9  zm = 9  zs = 1  f = 3
  zc = 9  zm = 8  zs = 1  f = 3
  zc = 1  zm = 9  zs = 2  f = 3
  zc = 1  zm = 8  zs = 2  f = 3
  zc = 9  zm = 9  zs = 3  f = 3
  zc = 9  zm = 8  zs = 3  f = 3
  zc = 9  zm = 9  zs = 0  f = 4		IDAT size = 412462
  zc = 9  zm = 8  zs = 0  f = 4		IDAT size = 411342
  zc = 9  zm = 9  zs = 1  f = 4
  zc = 9  zm = 8  zs = 1  f = 4
  zc = 1  zm = 9  zs = 2  f = 4
  zc = 1  zm = 8  zs = 2  f = 4
  zc = 9  zm = 9  zs = 3  f = 4
  zc = 9  zm = 8  zs = 3  f = 4
  zc = 9  zm = 9  zs = 0  f = 5		IDAT size = 408484
  zc = 9  zm = 8  zs = 0  f = 5		IDAT size = 407414
  zc = 9  zm = 9  zs = 1  f = 5
  zc = 9  zm = 8  zs = 1  f = 5
  zc = 1  zm = 9  zs = 2  f = 5
  zc = 1  zm = 8  zs = 2  f = 5
  zc = 9  zm = 9  zs = 3  f = 5
  zc = 9  zm = 8  zs = 3  f = 5

Selecting parameters:
  zc = 9  zm = 8  zs = 0  f = 5		IDAT size = 407414

Output IDAT size = 407414 bytes (65173 bytes decrease)
Output file size = 407492 bytes (65857 bytes = 13.91% decrease)

OptiPNG 0.6.4: Advanced PNG optimizer.
Copyright (C) 2001-2010 Cosmin Truta.

** Processing: ./public/images/image_1463648342000.png_thumbnail.png
200x150 pixels, 4x8 bits/pixel, RGB+alpha
Reducing image to 3x8 bits/pixel, RGB
Input IDAT size = 16007 bytes
Input file size = 16640 bytes

Trying:
  zc = 9  zm = 9  zs = 0  f = 0		IDAT size = 11248
  zc = 9  zm = 8  zs = 0  f = 0		IDAT size = 11248
  zc = 9  zm = 9  zs = 1  f = 0
  zc = 9  zm = 8  zs = 1  f = 0
  zc = 1  zm = 9  zs = 2  f = 0
  zc = 1  zm = 8  zs = 2  f = 0
  zc = 9  zm = 9  zs = 3  f = 0
  zc = 9  zm = 8  zs = 3  f = 0
  zc = 9  zm = 9  zs = 0  f = 1
  zc = 9  zm = 8  zs = 0  f = 1
  zc = 9  zm = 9  zs = 1  f = 1
  zc = 9  zm = 8  zs = 1  f = 1
  zc = 1  zm = 9  zs = 2  f = 1
  zc = 1  zm = 8  zs = 2  f = 1
  zc = 9  zm = 9  zs = 3  f = 1
  zc = 9  zm = 8  zs = 3  f = 1
  zc = 9  zm = 9  zs = 0  f = 2
  zc = 9  zm = 8  zs = 0  f = 2
  zc = 9  zm = 9  zs = 1  f = 2
  zc = 9  zm = 8  zs = 1  f = 2
  zc = 1  zm = 9  zs = 2  f = 2
  zc = 1  zm = 8  zs = 2  f = 2
  zc = 9  zm = 9  zs = 3  f = 2
  zc = 9  zm = 8  zs = 3  f = 2
  zc = 9  zm = 9  zs = 0  f = 3
  zc = 9  zm = 8  zs = 0  f = 3
  zc = 9  zm = 9  zs = 1  f = 3
  zc = 9  zm = 8  zs = 1  f = 3
  zc = 1  zm = 9  zs = 2  f = 3
  zc = 1  zm = 8  zs = 2  f = 3
  zc = 9  zm = 9  zs = 3  f = 3
  zc = 9  zm = 8  zs = 3  f = 3
  zc = 9  zm = 9  zs = 0  f = 4
  zc = 9  zm = 8  zs = 0  f = 4
  zc = 9  zm = 9  zs = 1  f = 4
  zc = 9  zm = 8  zs = 1  f = 4
  zc = 1  zm = 9  zs = 2  f = 4
  zc = 1  zm = 8  zs = 2  f = 4
  zc = 9  zm = 9  zs = 3  f = 4
  zc = 9  zm = 8  zs = 3  f = 4
  zc = 9  zm = 9  zs = 0  f = 5
  zc = 9  zm = 8  zs = 0  f = 5
  zc = 9  zm = 9  zs = 1  f = 5
  zc = 9  zm = 8  zs = 1  f = 5
  zc = 1  zm = 9  zs = 2  f = 5
  zc = 1  zm = 8  zs = 2  f = 5
  zc = 9  zm = 9  zs = 3  f = 5
  zc = 9  zm = 8  zs = 3  f = 5

Selecting parameters:
  zc = 9  zm = 8  zs = 0  f = 0		IDAT size = 11248

Output IDAT size = 11248 bytes (4759 bytes decrease)
Output file size = 11881 bytes (4759 bytes = 28.60% decrease)

OptiPNG 0.6.4: Advanced PNG optimizer.
Copyright (C) 2001-2010 Cosmin Truta.

** Processing: ./public/images/image_1463646569000.png
1068x11642 pixels, 4x8 bits/pixel, RGB+alpha
Input IDAT size = 5682446 bytes
Input file size = 5690840 bytes

Trying:
  zc = 9  zm = 9  zs = 0  f = 0
  zc = 9  zm = 8  zs = 0  f = 0
  zc = 9  zm = 9  zs = 1  f = 0
  zc = 9  zm = 8  zs = 1  f = 0
  zc = 1  zm = 9  zs = 2  f = 0
  zc = 1  zm = 8  zs = 2  f = 0
  zc = 9  zm = 9  zs = 3  f = 0
  zc = 9  zm = 8  zs = 3  f = 0
  zc = 9  zm = 9  zs = 0  f = 1
  zc = 9  zm = 8  zs = 0  f = 1
  zc = 9  zm = 9  zs = 1  f = 1
  zc = 9  zm = 8  zs = 1  f = 1
  zc = 1  zm = 9  zs = 2  f = 1
  zc = 1  zm = 8  zs = 2  f = 1
  zc = 9  zm = 9  zs = 3  f = 1
  zc = 9  zm = 8  zs = 3  f = 1
  zc = 9  zm = 9  zs = 0  f = 2		IDAT size = 5527210
  zc = 9  zm = 8  zs = 0  f = 2		IDAT size = 5514719
  zc = 9  zm = 9  zs = 1  f = 2
  zc = 9  zm = 8  zs = 1  f = 2
  zc = 1  zm = 9  zs = 2  f = 2
  zc = 1  zm = 8  zs = 2  f = 2
  zc = 9  zm = 9  zs = 3  f = 2
  zc = 9  zm = 8  zs = 3  f = 2
  zc = 9  zm = 9  zs = 0  f = 3
  zc = 9  zm = 8  zs = 0  f = 3
  zc = 9  zm = 9  zs = 1  f = 3
  zc = 9  zm = 8  zs = 1  f = 3
  zc = 1  zm = 9  zs = 2  f = 3
  zc = 1  zm = 8  zs = 2  f = 3
  zc = 9  zm = 9  zs = 3  f = 3
  zc = 9  zm = 8  zs = 3  f = 3
  zc = 9  zm = 9  zs = 0  f = 4		IDAT size = 5352437
  zc = 9  zm = 8  zs = 0  f = 4		IDAT size = 5341381
  zc = 9  zm = 9  zs = 1  f = 4
  zc = 9  zm = 8  zs = 1  f = 4
  zc = 1  zm = 9  zs = 2  f = 4
  zc = 1  zm = 8  zs = 2  f = 4
  zc = 9  zm = 9  zs = 3  f = 4
  zc = 9  zm = 8  zs = 3  f = 4
  zc = 9  zm = 9  zs = 0  f = 5		IDAT size = 5306359
  zc = 9  zm = 8  zs = 0  f = 5		IDAT size = 5292151
  zc = 9  zm = 9  zs = 1  f = 5
